2024-10-15 18:48:48,804 [INFO] Activator:176 - 


2024-10-15 18:48:48,809 [INFO] Activator:177 - !SESSION log4j initialized
2024-10-15 18:48:52,937 [INFO] LogOutputStream:77 - [STDOUT_REDIRECT] 
2024-10-15 18:48:53,427 [ERROR] LogOutputStream:75 - [STDERR_REDIRECT] 
2024-10-15 18:48:56,410 [INFO] LogOutputStream:77 - [STDOUT_REDIRECT] 
2024-10-15 18:48:57,451 [INFO] ApplicationProperties:184 - Using Application install path: /Applications/STM32CubeIDE.app/Contents/Eclipse/plugins/com.st.stm32cube.common.mx_6.12.1.202409122256
2024-10-15 18:48:57,463 [INFO] DbMcusXml:78 - Set database path to: /Applications/STM32CubeIDE.app/Contents/Eclipse/plugins/com.st.stm32cube.common.mx_6.12.1.202409122256//db//mcu/
2024-10-15 18:48:57,463 [INFO] ApiDb:274 - Set plugin database path to: /Applications/STM32CubeIDE.app/Contents/Eclipse/plugins/com.st.stm32cube.common.mx_6.12.1.202409122256//db//plugins/boardmanager/
2024-10-15 18:48:57,465 [WARN] ApiDb:259 - Overriding images path with different value:  => /Applications/STM32CubeIDE.app/Contents/Eclipse/plugins/com.st.stm32cube.common.mx_6.12.1.202409122256//db//plugins/mcufinder/images/
2024-10-15 18:48:57,469 [INFO] ApiDb:250 - Set database path to: /var/root/.stmcufinder/plugins/mcufinder//mcu/
2024-10-15 18:48:57,470 [INFO] DbMcusAds:125 - Set database path to: /var/root/.stmcufinder/plugins/mcufinder//mcu/
2024-10-15 18:48:57,472 [INFO] CrossReferenceDbSqlite:203 - Set database path to: /var/root/.stmcufinder/plugins/mcufinder//mcu/cs/
2024-10-15 18:48:57,602 [INFO] RulesReader:64 - Compatibility file has been processed (297 Rules)
2024-10-15 18:48:57,656 [INFO] DbMcusXml:78 - Set database path to: /Applications/STM32CubeIDE.app/Contents/Eclipse/plugins/com.st.stm32cube.common.mx_6.12.1.202409122256//db//mcu/
2024-10-15 18:48:57,656 [INFO] ApiDb:274 - Set plugin database path to: /Applications/STM32CubeIDE.app/Contents/Eclipse/plugins/com.st.stm32cube.common.mx_6.12.1.202409122256//db//plugins/boardmanager/
2024-10-15 18:48:57,656 [INFO] ApiDb:261 - Set plugin images path to: /Applications/STM32CubeIDE.app/Contents/Eclipse/plugins/com.st.stm32cube.common.mx_6.12.1.202409122256//db//plugins/mcufinder/images/
2024-10-15 18:48:57,657 [WARN] DbFile:41 - Overriding database path with different value: /var/root/.stmcufinder/plugins/mcufinder/ => /var/root/.stmcufinder/plugins/mcufinder
2024-10-15 18:48:57,657 [INFO] ApiDb:250 - Set database path to: /var/root/.stmcufinder/plugins/mcufinder//mcu/
2024-10-15 18:48:57,657 [WARN] DbFile:41 - Overriding database path with different value: /var/root/.stmcufinder/plugins/mcufinder/ => /var/root/.stmcufinder/plugins/mcufinder
2024-10-15 18:48:57,657 [INFO] DbMcusAds:125 - Set database path to: /var/root/.stmcufinder/plugins/mcufinder//mcu/
2024-10-15 18:48:57,657 [WARN] DbFile:41 - Overriding database path with different value: /var/root/.stmcufinder/plugins/mcufinder/ => /var/root/.stmcufinder/plugins/mcufinder
2024-10-15 18:48:57,657 [WARN] DbFile:41 - Overriding database path with different value: /var/root/.stmcufinder/plugins/mcufinder/ => /var/root/.stmcufinder/plugins/mcufinder
2024-10-15 18:48:57,657 [INFO] CrossReferenceDbSqlite:203 - Set database path to: /var/root/.stmcufinder/plugins/mcufinder//mcu/cs/
2024-10-15 18:48:57,730 [INFO] MainPanel:268 - HeapMemory: 307232768
2024-10-15 18:48:58,558 [INFO] DbMcusXml:78 - Set database path to: /Applications/STM32CubeIDE.app/Contents/Eclipse/plugins/com.st.stm32cube.common.mx_6.12.1.202409122256//db//mcu/
2024-10-15 18:48:58,561 [INFO] ApiDb:274 - Set plugin database path to: /Applications/STM32CubeIDE.app/Contents/Eclipse/plugins/com.st.stm32cube.common.mx_6.12.1.202409122256//db//plugins/boardmanager/
2024-10-15 18:48:58,561 [INFO] ApiDb:261 - Set plugin images path to: /Applications/STM32CubeIDE.app/Contents/Eclipse/plugins/com.st.stm32cube.common.mx_6.12.1.202409122256//db//plugins/mcufinder/images/
2024-10-15 18:48:58,562 [WARN] DbFile:41 - Overriding database path with different value: /var/root/.stmcufinder/plugins/mcufinder/ => /var/root/.stmcufinder/plugins/mcufinder
2024-10-15 18:48:58,562 [INFO] ApiDb:250 - Set database path to: /var/root/.stmcufinder/plugins/mcufinder//mcu/
2024-10-15 18:48:58,562 [WARN] DbFile:41 - Overriding database path with different value: /var/root/.stmcufinder/plugins/mcufinder/ => /var/root/.stmcufinder/plugins/mcufinder
2024-10-15 18:48:58,562 [INFO] DbMcusAds:125 - Set database path to: /var/root/.stmcufinder/plugins/mcufinder//mcu/
2024-10-15 18:48:58,562 [WARN] DbFile:41 - Overriding database path with different value: /var/root/.stmcufinder/plugins/mcufinder/ => /var/root/.stmcufinder/plugins/mcufinder
2024-10-15 18:48:58,562 [WARN] DbFile:41 - Overriding database path with different value: /var/root/.stmcufinder/plugins/mcufinder/ => /var/root/.stmcufinder/plugins/mcufinder
2024-10-15 18:48:58,563 [INFO] CrossReferenceDbSqlite:203 - Set database path to: /var/root/.stmcufinder/plugins/mcufinder//mcu/cs/
2024-10-15 18:48:58,596 [INFO] ApplicationProperties:184 - Using Application install path: /Applications/STM32CubeIDE.app/Contents/Eclipse/plugins/com.st.stm32cube.common.mx_6.12.1.202409122256
2024-10-15 18:48:58,579 [ERROR] LogOutputStream:75 - [STDERR_REDIRECT] [Fatal Error] :2:10: DOCTYPE is disallowed when the feature "http://apache.org/xml/features/disallow-doctype-decl" set to true.
2024-10-15 18:48:58,598 [ERROR] LogOutputStream:75 - [STDERR_REDIRECT] 
2024-10-15 18:48:58,598 [INFO] PluginManage:196 - Search for loadable plugins [exclusion list=, ]
2024-10-15 18:48:58,602 [INFO] PluginManage:310 - Check plugin analytics
2024-10-15 18:48:58,857 [INFO] AnalyticsPlugin:253 - Accepted Software Licenses: 
2024-10-15 18:48:58,857 [INFO] AnalyticsPlugin:255 - Accepted CMSIS Pack Licenses: 
2024-10-15 18:48:58,857 [INFO] AnalyticsPlugin:257 - Accepted Firmware Licenses: 
2024-10-15 18:48:58,873 [INFO] PluginManage:359 - Loaded plugin analytics (category:tool,tabindex:-1)
2024-10-15 18:48:58,874 [INFO] PluginManage:310 - Check plugin cadmodel
2024-10-15 18:48:58,886 [INFO] CADModel:105 - Init CAD model plugin
2024-10-15 18:48:58,886 [INFO] PluginManage:359 - Loaded plugin cadmodel (category:power,tabindex:5)
2024-10-15 18:48:58,887 [INFO] PluginManage:310 - Check plugin clock
2024-10-15 18:48:58,895 [INFO] PluginManage:359 - Loaded plugin clock (category:base,tabindex:2)
2024-10-15 18:48:58,895 [INFO] PluginManage:310 - Check plugin ddr
2024-10-15 18:48:58,896 [INFO] PluginManage:359 - Loaded plugin ddr (category:tool,tabindex:6)
2024-10-15 18:48:58,896 [INFO] PluginManage:310 - Check plugin filemanager
2024-10-15 18:48:59,046 [INFO] PluginManage:359 - Loaded plugin filemanager (category:base,tabindex:10)
2024-10-15 18:48:59,047 [INFO] PluginManage:310 - Check plugin ipmanager
2024-10-15 18:48:59,055 [INFO] PluginManage:359 - Loaded plugin ipmanager (category:base,tabindex:5)
2024-10-15 18:48:59,055 [INFO] PluginManage:310 - Check plugin lpbam
2024-10-15 18:48:59,066 [INFO] PluginManage:359 - Loaded plugin lpbam (category:base,tabindex:0)
2024-10-15 18:48:59,066 [INFO] PluginManage:310 - Check plugin memorymap
2024-10-15 18:48:59,076 [INFO] PluginManage:359 - Loaded plugin memorymap (category:base,tabindex:4)
2024-10-15 18:48:59,076 [INFO] PluginManage:310 - Check plugin pinoutandconfiguration
2024-10-15 18:48:59,082 [INFO] PluginManage:359 - Loaded plugin pinoutandconfiguration (category:base,tabindex:1)
2024-10-15 18:48:59,082 [INFO] PluginManage:310 - Check plugin pinoutconfig
2024-10-15 18:48:59,149 [WARN] SupportedApi:132 - Cannot load RTOS API schema: s4s-elt-must-match.1: The content of 'definitions' must match (annotation?, (simpleType | complexType)?, (unique | key | keyref)*)). A problem was found starting at: attribute.
2024-10-15 18:48:59,276 [INFO] PluginManage:359 - Loaded plugin pinoutconfig (category:base,tabindex:0)
2024-10-15 18:48:59,277 [INFO] PluginManage:310 - Check plugin power
2024-10-15 18:48:59,288 [INFO] PluginManage:359 - Loaded plugin power (category:power,tabindex:4)
2024-10-15 18:48:59,288 [INFO] PluginManage:310 - Check plugin projectmanager
2024-10-15 18:48:59,314 [INFO] PluginManage:359 - Loaded plugin projectmanager (category:projectmanager,tabindex:4)
2024-10-15 18:48:59,314 [INFO] PluginManage:310 - Check plugin rif
2024-10-15 18:48:59,318 [INFO] PluginManage:359 - Loaded plugin rif (category:base,tabindex:3)
2024-10-15 18:48:59,319 [INFO] PluginManage:310 - Check plugin thirdparty
2024-10-15 18:48:59,456 [INFO] PluginManage:359 - Loaded plugin thirdparty (category:base,tabindex:-1)
2024-10-15 18:48:59,456 [WARN] IntegrityCheckThread:84 - waiting for thirdparty lock release [integrity check]
2024-10-15 18:48:59,456 [INFO] PluginManage:310 - Check plugin tools
2024-10-15 18:48:59,457 [INFO] IntegrityCheckThread:86 - entering critical section [integrity check]
2024-10-15 18:48:59,457 [INFO] ThirdPartyUpdaterWithRetryManager:70 - Updater plugin not ready yet. [1/15]
2024-10-15 18:48:59,459 [INFO] PluginManage:359 - Loaded plugin tools (category:base,tabindex:7)
2024-10-15 18:48:59,460 [INFO] PluginManage:310 - Check plugin tutovideos
2024-10-15 18:48:59,650 [INFO] PluginManage:359 - Loaded plugin tutovideos (category:base,tabindex:-1)
2024-10-15 18:48:59,652 [INFO] PluginManage:310 - Check plugin updater
2024-10-15 18:48:59,709 [INFO] PluginManage:359 - Loaded plugin updater (category:base,tabindex:12)
2024-10-15 18:48:59,710 [INFO] PluginManage:310 - Check plugin userauth
2024-10-15 18:48:59,717 [INFO] UserAuth:113 - Init User Auth plugin
2024-10-15 18:48:59,717 [INFO] PluginManage:359 - Loaded plugin userauth (category:base,tabindex:14)
2024-10-15 18:48:59,718 [INFO] PluginManage:283 - PluginManage : Loaded plugins [18]
2024-10-15 18:48:59,956 [INFO] PinOutPanel:1561 - setPackage(No Configuration,No Configuration)
2024-10-15 18:49:00,024 [INFO] CADModel:165 - CPN selected for project level
2024-10-15 18:49:00,024 [INFO] CADModel:114 - Register for checkConnection events
2024-10-15 18:49:00,034 [INFO] IPUIPlugin:80 - create IPUIPlugin
2024-10-15 18:49:00,034 [INFO] PluginManager:220 - loadIPPluginJar : add mdma
2024-10-15 18:49:00,038 [INFO] IPUIPlugin:80 - create IPUIPlugin
2024-10-15 18:49:00,039 [INFO] PluginManager:220 - loadIPPluginJar : add freertos
2024-10-15 18:49:00,042 [INFO] IPUIPlugin:80 - create IPUIPlugin
2024-10-15 18:49:00,042 [INFO] PluginManager:220 - loadIPPluginJar : add gic
2024-10-15 18:49:00,048 [INFO] IPUIPlugin:80 - create IPUIPlugin
2024-10-15 18:49:00,048 [INFO] PluginManager:220 - loadIPPluginJar : add adc
2024-10-15 18:49:00,049 [INFO] IPUIPlugin:80 - create IPUIPlugin
2024-10-15 18:49:00,050 [INFO] PluginManager:220 - loadIPPluginJar : add gtzc
2024-10-15 18:49:00,050 [INFO] IPUIPlugin:80 - create IPUIPlugin
2024-10-15 18:49:00,050 [INFO] PluginManager:220 - loadIPPluginJar : add quadspi
2024-10-15 18:49:00,052 [INFO] IPUIPlugin:80 - create IPUIPlugin
2024-10-15 18:49:00,052 [INFO] PluginManager:220 - loadIPPluginJar : add aes
2024-10-15 18:49:00,053 [INFO] IPUIPlugin:80 - create IPUIPlugin
2024-10-15 18:49:00,053 [INFO] PluginManager:220 - loadIPPluginJar : add pdm2pcm
2024-10-15 18:49:00,054 [INFO] IPUIPlugin:80 - create IPUIPlugin
2024-10-15 18:49:00,054 [INFO] PluginManager:220 - loadIPPluginJar : add hash
2024-10-15 18:49:00,055 [INFO] IPUIPlugin:80 - create IPUIPlugin
2024-10-15 18:49:00,055 [INFO] PluginManager:220 - loadIPPluginJar : add tim
2024-10-15 18:49:00,056 [INFO] IPUIPlugin:80 - create IPUIPlugin
2024-10-15 18:49:00,056 [INFO] PluginManager:220 - loadIPPluginJar : add tsc
2024-10-15 18:49:00,058 [INFO] IPUIPlugin:80 - create IPUIPlugin
2024-10-15 18:49:00,058 [INFO] PluginManager:220 - loadIPPluginJar : add extmemmanager
2024-10-15 18:49:00,059 [INFO] IPUIPlugin:80 - create IPUIPlugin
2024-10-15 18:49:00,059 [INFO] PluginManager:220 - loadIPPluginJar : add ts
2024-10-15 18:49:00,060 [INFO] IPUIPlugin:80 - create IPUIPlugin
2024-10-15 18:49:00,060 [INFO] PluginManager:220 - loadIPPluginJar : add radio
2024-10-15 18:49:00,061 [INFO] IPUIPlugin:80 - create IPUIPlugin
2024-10-15 18:49:00,061 [INFO] PluginManager:220 - loadIPPluginJar : add can
2024-10-15 18:49:00,063 [INFO] IPUIPlugin:80 - create IPUIPlugin
2024-10-15 18:49:00,063 [INFO] PluginManager:220 - loadIPPluginJar : add dma3
2024-10-15 18:49:00,066 [INFO] IPUIPlugin:80 - create IPUIPlugin
2024-10-15 18:49:00,066 [INFO] PluginManager:220 - loadIPPluginJar : add dfsdm
2024-10-15 18:49:00,068 [INFO] IPUIPlugin:80 - create IPUIPlugin
2024-10-15 18:49:00,068 [INFO] PluginManager:220 - loadIPPluginJar : add spi
2024-10-15 18:49:00,069 [INFO] IPUIPlugin:80 - create IPUIPlugin
2024-10-15 18:49:00,069 [INFO] PluginManager:220 - loadIPPluginJar : add gfxmmu
2024-10-15 18:49:00,070 [INFO] IPUIPlugin:80 - create IPUIPlugin
2024-10-15 18:49:00,070 [INFO] PluginManager:220 - loadIPPluginJar : add genericplugin
2024-10-15 18:49:00,071 [INFO] IPUIPlugin:80 - create IPUIPlugin
2024-10-15 18:49:00,071 [INFO] PluginManager:220 - loadIPPluginJar : add cryp
2024-10-15 18:49:00,074 [INFO] IPUIPlugin:80 - create IPUIPlugin
2024-10-15 18:49:00,074 [INFO] PluginManager:220 - loadIPPluginJar : add gpio
2024-10-15 18:49:00,078 [INFO] IPUIPlugin:80 - create IPUIPlugin
2024-10-15 18:49:00,078 [INFO] PluginManager:220 - loadIPPluginJar : add ddr_ctrl_phy
2024-10-15 18:49:00,079 [INFO] IPUIPlugin:80 - create IPUIPlugin
2024-10-15 18:49:00,079 [INFO] PluginManager:220 - loadIPPluginJar : add comp
2024-10-15 18:49:00,081 [INFO] IPUIPlugin:80 - create IPUIPlugin
2024-10-15 18:49:00,081 [INFO] PluginManager:220 - loadIPPluginJar : add tracer_emb
2024-10-15 18:49:00,082 [INFO] IPUIPlugin:80 - create IPUIPlugin
2024-10-15 18:49:00,082 [INFO] PluginManager:220 - loadIPPluginJar : add openamp
2024-10-15 18:49:00,085 [INFO] IPUIPlugin:80 - create IPUIPlugin
2024-10-15 18:49:00,085 [INFO] PluginManager:220 - loadIPPluginJar : add stm32_wpan
2024-10-15 18:49:00,088 [INFO] IPUIPlugin:80 - create IPUIPlugin
2024-10-15 18:49:00,093 [INFO] PluginManager:220 - loadIPPluginJar : add plateformsettings
2024-10-15 18:49:00,095 [INFO] IPUIPlugin:80 - create IPUIPlugin
2024-10-15 18:49:00,095 [INFO] PluginManager:220 - loadIPPluginJar : add ipddr
2024-10-15 18:49:00,097 [INFO] IPUIPlugin:80 - create IPUIPlugin
2024-10-15 18:49:00,097 [INFO] PluginManager:220 - loadIPPluginJar : add usart
2024-10-15 18:49:00,098 [INFO] IPUIPlugin:80 - create IPUIPlugin
2024-10-15 18:49:00,098 [INFO] PluginManager:220 - loadIPPluginJar : add ltdc
2024-10-15 18:49:00,099 [INFO] IPUIPlugin:80 - create IPUIPlugin
2024-10-15 18:49:00,099 [INFO] PluginManager:220 - loadIPPluginJar : add nvic
2024-10-15 18:49:00,100 [INFO] IPUIPlugin:80 - create IPUIPlugin
2024-10-15 18:49:00,100 [INFO] PluginManager:220 - loadIPPluginJar : add fatfs
2024-10-15 18:49:00,103 [INFO] IPUIPlugin:80 - create IPUIPlugin
2024-10-15 18:49:00,103 [INFO] PluginManager:220 - loadIPPluginJar : add linkedlist
2024-10-15 18:49:00,106 [INFO] IPUIPlugin:80 - create IPUIPlugin
2024-10-15 18:49:00,106 [INFO] PluginManager:220 - loadIPPluginJar : add dma
2024-10-15 18:49:00,107 [INFO] IPUIPlugin:80 - create IPUIPlugin
2024-10-15 18:49:00,108 [INFO] PluginManager:220 - loadIPPluginJar : add fmc
2024-10-15 18:49:00,108 [INFO] IPUIPlugin:80 - create IPUIPlugin
2024-10-15 18:49:00,108 [INFO] PluginManager:220 - loadIPPluginJar : add i2s
2024-10-15 18:49:00,109 [INFO] IPUIPlugin:80 - create IPUIPlugin
2024-10-15 18:49:00,109 [INFO] PluginManager:220 - loadIPPluginJar : add ucpd
2024-10-15 18:49:00,110 [INFO] IPUIPlugin:80 - create IPUIPlugin
2024-10-15 18:49:00,110 [INFO] PluginManager:220 - loadIPPluginJar : add lorawan
2024-10-15 18:49:00,112 [INFO] IPUIPlugin:80 - create IPUIPlugin
2024-10-15 18:49:00,113 [INFO] PluginManager:220 - loadIPPluginJar : add opamp
2024-10-15 18:49:00,114 [INFO] IPUIPlugin:80 - create IPUIPlugin
2024-10-15 18:49:00,114 [INFO] PluginManager:220 - loadIPPluginJar : add i3c
2024-10-15 18:49:00,116 [INFO] IPUIPlugin:80 - create IPUIPlugin
2024-10-15 18:49:00,117 [INFO] PluginManager:220 - loadIPPluginJar : add touchsensing
2024-10-15 18:49:00,118 [INFO] IPUIPlugin:80 - create IPUIPlugin
2024-10-15 18:49:00,119 [INFO] PluginManager:220 - loadIPPluginJar : add i2c
2024-10-15 18:49:00,121 [INFO] IPUIPlugin:80 - create IPUIPlugin
2024-10-15 18:49:00,121 [INFO] PluginManager:220 - loadIPPluginJar : add resmgrutility
2024-10-15 18:49:00,122 [INFO] IPUIPlugin:80 - create IPUIPlugin
2024-10-15 18:49:00,123 [INFO] PluginManager:220 - loadIPPluginJar : add sai
2024-10-15 18:49:00,124 [INFO] IPUIPlugin:80 - create IPUIPlugin
2024-10-15 18:49:00,124 [INFO] PluginManager:220 - loadIPPluginJar : add usbx
2024-10-15 18:49:00,243 [INFO] CADModel:165 - CPN selected for project level
2024-10-15 18:49:00,244 [INFO] CADModel:114 - Register for checkConnection events
2024-10-15 18:49:00,244 [FATAL] Updater:334 - Updater called before beeing initialized
2024-10-15 18:49:00,244 [ERROR] CADModel:125 - Updater not yet initialized, retry later 
2024-10-15 18:49:01,917 [INFO] CADModel:165 - CPN selected for project level
2024-10-15 18:49:01,918 [INFO] CADModel:114 - Register for checkConnection events
2024-10-15 18:49:01,919 [FATAL] Updater:334 - Updater called before beeing initialized
2024-10-15 18:49:01,919 [ERROR] CADModel:125 - Updater not yet initialized, retry later 
2024-10-15 18:49:01,921 [FATAL] Updater:334 - Updater called before beeing initialized
2024-10-15 18:49:02,102 [FATAL] Updater:334 - Updater called before beeing initialized
2024-10-15 18:49:02,107 [INFO] DbMcusAds:53 - JSON generation date=Fri Sep 20 18:34:23 IST 2024 (1726837463113)
2024-10-15 18:49:02,107 [FATAL] Updater:334 - Updater called before beeing initialized
2024-10-15 18:49:02,169 [WARN] DetailPanel:346 - Failed to get advertising image, set to default
2024-10-15 18:49:02,250 [FATAL] Updater:334 - Updater called before beeing initialized
2024-10-15 18:49:02,253 [FATAL] Updater:334 - Updater called before beeing initialized
2024-10-15 18:49:02,253 [FATAL] Updater:334 - Updater called before beeing initialized
2024-10-15 18:49:02,253 [WARN] DetailPanel:346 - Failed to get advertising image, set to default
2024-10-15 18:49:02,255 [FATAL] Updater:334 - Updater called before beeing initialized
2024-10-15 18:49:02,315 [ERROR] Updater:1164 - MainUpdater not yet initialized. External WinMGr cannot be set.
2024-10-15 18:49:02,318 [INFO] Updater:1100 - Updater Version found : 6.12.1
2024-10-15 18:49:02,330 [INFO] ApplicationProperties:184 - Using Application install path: /Applications/STM32CubeIDE.app/Contents/Eclipse/plugins/com.st.stm32cube.common.mx_6.12.1.202409122256
2024-10-15 18:49:02,463 [INFO] ThirdPartyUpdaterWithRetryManager:70 - Updater plugin not ready yet. [2/15]
2024-10-15 18:49:02,649 [INFO] MainUpdater:2873 - connection check result : 10
2024-10-15 18:49:02,651 [INFO] MainUpdater:290 - Updater Check For Update Now.
2024-10-15 18:49:02,653 [INFO] MicroXplorer:498 - Change Database Version : DB.6.0.121
2024-10-15 18:49:02,669 [INFO] McuFinderGlobals:63 - Set McuFinder mode to 2 (CubeIDE integrated)
2024-10-15 18:49:02,670 [INFO] UserAuth:179 - activating auth plugin
2024-10-15 18:49:02,692 [INFO] UserAuth:417 - Internet connection configuration mode: 1
2024-10-15 18:49:02,714 [INFO] JxBrowserEngine:152 - Initiate JxBrowser Engine with user profile folder
2024-10-15 18:49:02,981 [INFO] CheckServerUpdateThread:120 - End of CheckServer Thread
2024-10-15 18:49:05,634 [WARN] PackLoader:240 - Cannot read IP mode file for STMicroelectronics.FP-SNS-MOTENVWB1.1.4.0
2024-10-15 18:49:05,670 [WARN] PackLoader:240 - Cannot read IP mode file for STMicroelectronics.X-CUBE-SMBUS.2.1.0
2024-10-15 18:49:05,725 [WARN] PackLoader:240 - Cannot read IP mode file for STMicroelectronics.X-CUBE-WB05N.1.1.0
2024-10-15 18:49:05,815 [WARN] PackLoader:240 - Cannot read IP mode file for STMicroelectronics.X-CUBE-AZRTOS-F7.1.1.0
2024-10-15 18:49:05,866 [WARN] PackLoader:240 - Cannot read IP mode file for STMicroelectronics.FP-SNS-FLIGHT1.5.0.2
2024-10-15 18:49:05,886 [WARN] PackLoader:240 - Cannot read IP mode file for STMicroelectronics.X-CUBE-DISPLAY.3.0.0
2024-10-15 18:49:05,926 [WARN] PackLoader:240 - Cannot read IP mode file for STMicroelectronics.X-CUBE-BLE1.7.0.0
2024-10-15 18:49:05,972 [WARN] PackLoader:240 - Cannot read IP mode file for STMicroelectronics.X-CUBE-NFC10.1.0.0
2024-10-15 18:49:06,000 [WARN] PackLoader:240 - Cannot read IP mode file for emotas.I-CUBE-CANOPEN.1.3.0
2024-10-15 18:49:06,022 [WARN] PackLoader:240 - Cannot read IP mode file for STMicroelectronics.X-CUBE-BLEMGR.3.1.0
2024-10-15 18:49:06,038 [WARN] PackLoader:240 - Cannot read IP mode file for STMicroelectronics.FP-SNS-SMARTAG2.1.2.0
2024-10-15 18:49:06,075 [INFO] LogOutputStream:77 - [STDOUT_REDIRECT] 1 : Invalid condition id : UX_CORESTACK_Condition cause : null
2024-10-15 18:49:06,078 [INFO] LogOutputStream:77 - [STDOUT_REDIRECT] 1 : Invalid condition id : UX_CORESTACK_Condition cause : null
2024-10-15 18:49:06,078 [INFO] LogOutputStream:77 - [STDOUT_REDIRECT] 1 : Invalid condition id : UX_CORESTACK_Condition cause : null
2024-10-15 18:49:06,078 [INFO] LogOutputStream:77 - [STDOUT_REDIRECT] 1 : Invalid condition id : UX_CORESTACK_Condition cause : null
2024-10-15 18:49:06,079 [INFO] LogOutputStream:77 - [STDOUT_REDIRECT] 1 : Invalid condition id : UX_CORESTACK_Condition cause : null
2024-10-15 18:49:06,085 [WARN] PackLoader:240 - Cannot read IP mode file for STMicroelectronics.X-CUBE-AZRTOS-WL.2.0.0
2024-10-15 18:49:06,101 [WARN] PackLoader:240 - Cannot read IP mode file for STMicroelectronics.FP-SNS-MOTENV1.5.0.0
2024-10-15 18:49:06,119 [WARN] PackLoader:240 - Cannot read IP mode file for wolfSSL.I-CUBE-wolfMQTT.1.19.0
2024-10-15 18:49:06,132 [WARN] PackLoader:240 - Cannot read IP mode file for WES.I-CUBE-Cesium.1.3.0
2024-10-15 18:49:06,144 [WARN] PackLoader:240 - Cannot read IP mode file for STMicroelectronics.X-CUBE-BLE2.3.3.0
2024-10-15 18:49:06,168 [WARN] PackLoader:240 - Cannot read IP mode file for STMicroelectronics.X-CUBE-NFC9.1.0.0
2024-10-15 18:49:06,196 [WARN] PackLoader:240 - Cannot read IP mode file for STMicroelectronics.X-CUBE-TCPP.4.1.0
2024-10-15 18:49:06,239 [WARN] PackLoader:240 - Cannot read IP mode file for STMicroelectronics.X-CUBE-AZRTOS-G0.1.1.0
2024-10-15 18:49:06,260 [WARN] PackLoader:240 - Cannot read IP mode file for STMicroelectronics.X-CUBE-SAFEA1.1.2.2
2024-10-15 18:49:06,272 [WARN] PackLoader:240 - Cannot read IP mode file for STMicroelectronics.X-CUBE-NFC4.3.0.0
2024-10-15 18:49:06,297 [WARN] PackLoader:240 - Cannot read IP mode file for EmbeddedOffice.I-CUBE-FS-RTOS.1.0.1
2024-10-15 18:49:06,300 [ERROR] ConditionMgr:805 - Attr not supported : Dmpu
2024-10-15 18:49:06,302 [ERROR] ConditionMgr:805 - Attr not supported : Dmpu
2024-10-15 18:49:06,302 [ERROR] ConditionMgr:805 - Attr not supported : Dmpu
2024-10-15 18:49:06,302 [ERROR] ConditionMgr:805 - Attr not supported : Dmpu
2024-10-15 18:49:06,302 [ERROR] ConditionMgr:805 - Attr not supported : Dmpu
2024-10-15 18:49:06,302 [ERROR] ConditionMgr:805 - Attr not supported : Dmpu
2024-10-15 18:49:06,302 [ERROR] ConditionMgr:805 - Attr not supported : Dmpu
2024-10-15 18:49:06,302 [ERROR] ConditionMgr:805 - Attr not supported : Dmpu
2024-10-15 18:49:06,302 [ERROR] ConditionMgr:805 - Attr not supported : Dmpu
2024-10-15 18:49:06,302 [ERROR] ConditionMgr:805 - Attr not supported : Dmpu
2024-10-15 18:49:06,303 [ERROR] ConditionMgr:805 - Attr not supported : Dmpu
2024-10-15 18:49:06,303 [ERROR] ConditionMgr:805 - Attr not supported : Dmpu
2024-10-15 18:49:06,303 [ERROR] ConditionMgr:805 - Attr not supported : Dmpu
2024-10-15 18:49:06,303 [ERROR] ConditionMgr:805 - Attr not supported : Dmpu
2024-10-15 18:49:06,304 [ERROR] ConditionMgr:805 - Attr not supported : Dmpu
2024-10-15 18:49:06,304 [ERROR] ConditionMgr:805 - Attr not supported : Dmpu
2024-10-15 18:49:06,304 [ERROR] ConditionMgr:805 - Attr not supported : Dmpu
2024-10-15 18:49:06,304 [ERROR] ConditionMgr:805 - Attr not supported : Dmpu
2024-10-15 18:49:06,304 [ERROR] ConditionMgr:805 - Attr not supported : Dmpu
2024-10-15 18:49:06,304 [ERROR] ConditionMgr:805 - Attr not supported : Dmpu
2024-10-15 18:49:06,304 [ERROR] ConditionMgr:805 - Attr not supported : Dmpu
2024-10-15 18:49:06,304 [ERROR] ConditionMgr:805 - Attr not supported : Dmpu
2024-10-15 18:49:06,304 [ERROR] ConditionMgr:805 - Attr not supported : Dmpu
2024-10-15 18:49:06,304 [ERROR] ConditionMgr:805 - Attr not supported : Dmpu
2024-10-15 18:49:06,304 [ERROR] ConditionMgr:805 - Attr not supported : Dmpu
2024-10-15 18:49:06,304 [ERROR] ConditionMgr:805 - Attr not supported : Dmpu
2024-10-15 18:49:06,304 [ERROR] ConditionMgr:805 - Attr not supported : Dmpu
2024-10-15 18:49:06,304 [ERROR] ConditionMgr:805 - Attr not supported : Dmpu
2024-10-15 18:49:06,304 [ERROR] ConditionMgr:805 - Attr not supported : Dmpu
2024-10-15 18:49:06,304 [ERROR] ConditionMgr:805 - Attr not supported : Dmpu
2024-10-15 18:49:06,305 [ERROR] ConditionMgr:805 - Attr not supported : Dmpu
2024-10-15 18:49:06,305 [ERROR] ConditionMgr:805 - Attr not supported : Dmpu
2024-10-15 18:49:06,306 [ERROR] ConditionMgr:805 - Attr not supported : Dmpu
2024-10-15 18:49:06,307 [ERROR] ConditionMgr:805 - Attr not supported : Dmpu
2024-10-15 18:49:06,308 [ERROR] ConditionMgr:805 - Attr not supported : Dmpu
2024-10-15 18:49:06,308 [ERROR] ConditionMgr:805 - Attr not supported : Dmpu
2024-10-15 18:49:06,308 [ERROR] ConditionMgr:805 - Attr not supported : Dmpu
2024-10-15 18:49:06,308 [ERROR] ConditionMgr:805 - Attr not supported : Dmpu
2024-10-15 18:49:06,308 [ERROR] ConditionMgr:805 - Attr not supported : Dmpu
2024-10-15 18:49:06,308 [ERROR] ConditionMgr:805 - Attr not supported : Dmpu
2024-10-15 18:49:06,308 [ERROR] ConditionMgr:805 - Attr not supported : Dmpu
2024-10-15 18:49:06,309 [ERROR] ConditionMgr:805 - Attr not supported : Dmpu
2024-10-15 18:49:06,309 [ERROR] ConditionMgr:805 - Attr not supported : Dmpu
2024-10-15 18:49:06,309 [ERROR] ConditionMgr:805 - Attr not supported : Dmpu
2024-10-15 18:49:06,309 [ERROR] ConditionMgr:805 - Attr not supported : Dmpu
2024-10-15 18:49:06,309 [ERROR] ConditionMgr:805 - Attr not supported : Dmpu
2024-10-15 18:49:06,309 [ERROR] ConditionMgr:805 - Attr not supported : Dmpu
2024-10-15 18:49:06,309 [ERROR] ConditionMgr:805 - Attr not supported : Dmpu
2024-10-15 18:49:06,309 [ERROR] ConditionMgr:805 - Attr not supported : Dmpu
2024-10-15 18:49:06,309 [ERROR] ConditionMgr:805 - Attr not supported : Dmpu
2024-10-15 18:49:06,309 [ERROR] ConditionMgr:805 - Attr not supported : Dmpu
2024-10-15 18:49:06,309 [ERROR] ConditionMgr:805 - Attr not supported : Dmpu
2024-10-15 18:49:06,309 [ERROR] ConditionMgr:805 - Attr not supported : Dmpu
2024-10-15 18:49:06,309 [ERROR] ConditionMgr:805 - Attr not supported : Dmpu
2024-10-15 18:49:06,309 [ERROR] ConditionMgr:805 - Attr not supported : Dmpu
2024-10-15 18:49:06,309 [ERROR] ConditionMgr:805 - Attr not supported : Dmpu
2024-10-15 18:49:06,309 [ERROR] ConditionMgr:805 - Attr not supported : Dmpu
2024-10-15 18:49:06,309 [ERROR] ConditionMgr:805 - Attr not supported : Dmpu
2024-10-15 18:49:06,309 [ERROR] ConditionMgr:805 - Attr not supported : Dmpu
2024-10-15 18:49:06,309 [ERROR] ConditionMgr:805 - Attr not supported : Dmpu
2024-10-15 18:49:06,309 [ERROR] ConditionMgr:805 - Attr not supported : Dmpu
2024-10-15 18:49:06,309 [ERROR] ConditionMgr:805 - Attr not supported : Dmpu
2024-10-15 18:49:06,309 [ERROR] ConditionMgr:805 - Attr not supported : Dmpu
2024-10-15 18:49:06,309 [ERROR] ConditionMgr:805 - Attr not supported : Dmpu
2024-10-15 18:49:06,328 [WARN] PackLoader:240 - Cannot read IP mode file for RealThread.X-CUBE-RT-Thread_Nano.4.1.1
2024-10-15 18:49:06,331 [WARN] PackLoader:240 - Cannot read IP mode file for STMicroelectronics.FP-ATR-SIGFOX1.3.2.0
2024-10-15 18:49:06,339 [WARN] PackLoader:240 - Cannot read IP mode file for wolfSSL.I-CUBE-wolfSSL.5.7.2
2024-10-15 18:49:06,346 [WARN] PackLoader:240 - Cannot read IP mode file for STMicroelectronics.X-CUBE-EEPRMA1.5.1.0
2024-10-15 18:49:06,354 [WARN] PackLoader:240 - Cannot read IP mode file for ITTIA_DB.I-CUBE-ITTIADB.8.9.0
2024-10-15 18:49:06,398 [WARN] PackLoader:240 - Cannot read IP mode file for SEGGER.I-CUBE-embOS.1.3.1
2024-10-15 18:49:06,487 [WARN] PackLoader:240 - Cannot read IP mode file for STMicroelectronics.X-CUBE-ALGOBUILD.1.4.0
2024-10-15 18:49:06,497 [WARN] PackLoader:240 - Cannot read IP mode file for STMicroelectronics.X-CUBE-AI.9.1.0
2024-10-15 18:49:06,516 [WARN] PackLoader:240 - Cannot read IP mode file for STMicroelectronics.X-CUBE-AZRTOS-F4.1.1.0
2024-10-15 18:49:06,538 [WARN] PackLoader:240 - Cannot read IP mode file for STMicroelectronics.X-CUBE-FREERTOS.1.2.0
2024-10-15 18:49:06,567 [WARN] PackLoader:240 - Cannot read IP mode file for STMicroelectronics.X-CUBE-AZRTOS-L5.2.0.0
2024-10-15 18:49:06,581 [WARN] PackLoader:240 - Cannot read IP mode file for STMicroelectronics.X-CUBE-NFC6.3.1.0
2024-10-15 18:49:06,587 [WARN] PackLoader:240 - Cannot read IP mode file for STMicroelectronics.X-CUBE-AI.9.0.0
2024-10-15 18:49:06,591 [WARN] PackLoader:240 - Cannot read IP mode file for STMicroelectronics.X-CUBE-NFC7.1.0.1
2024-10-15 18:49:06,611 [WARN] ConditionMgr:438 - getConditionDescription Invalid condition id : LAN8742 Phy interface Condition cause : null
2024-10-15 18:49:06,612 [WARN] PackLoader:240 - Cannot read IP mode file for STMicroelectronics.X-CUBE-AZRTOS-L4.2.0.0
2024-10-15 18:49:06,622 [WARN] ConditionMgr:1039 - genDependencies : Invalid condition id : LAN8742 Phy interface Condition cause : null
2024-10-15 18:49:06,623 [WARN] ConditionMgr:1039 - genDependencies : Invalid condition id : LAN8742 Phy interface Condition cause : null
2024-10-15 18:49:06,624 [WARN] ConditionMgr:1039 - genDependencies : Invalid condition id : LAN8742 Phy interface Condition cause : null
2024-10-15 18:49:06,638 [WARN] PackLoader:240 - Cannot read IP mode file for STMicroelectronics.X-CUBE-SFXS2LP1.4.0.0
2024-10-15 18:49:06,653 [WARN] PackLoader:240 - Cannot read IP mode file for STMicroelectronics.X-CUBE-IPS.3.0.0
2024-10-15 18:49:06,671 [WARN] ConditionMgr:438 - getConditionDescription Invalid condition id : UX DEVICE CLASS RTOS Condition cause : null
2024-10-15 18:49:06,672 [WARN] ConditionMgr:438 - getConditionDescription Invalid condition id : UX DEVICE CLASS RTOS Condition cause : null
2024-10-15 18:49:06,675 [WARN] PackLoader:240 - Cannot read IP mode file for STMicroelectronics.X-CUBE-AZRTOS-WB.2.0.0
2024-10-15 18:49:06,676 [WARN] ConditionMgr:1039 - genDependencies : Invalid condition id : UX DEVICE CLASS RTOS Condition cause : null
2024-10-15 18:49:06,676 [WARN] ConditionMgr:1039 - genDependencies : Invalid condition id : UX DEVICE CLASS RTOS Condition cause : null
2024-10-15 18:49:06,677 [WARN] ConditionMgr:1039 - genDependencies : Invalid condition id : UX DEVICE CLASS RTOS Condition cause : null
2024-10-15 18:49:06,677 [WARN] ConditionMgr:1039 - genDependencies : Invalid condition id : UX DEVICE CLASS RTOS Condition cause : null
2024-10-15 18:49:06,677 [WARN] ConditionMgr:1039 - genDependencies : Invalid condition id : UX DEVICE CLASS RTOS Condition cause : null
2024-10-15 18:49:06,691 [WARN] PackLoader:240 - Cannot read IP mode file for STMicroelectronics.X-CUBE-SUBG2.5.0.0
2024-10-15 18:49:06,698 [WARN] PackLoader:240 - Cannot read IP mode file for Cesanta.I-CUBE-Mongoose.7.13.0
2024-10-15 18:49:06,701 [WARN] PackLoader:240 - Cannot read IP mode file for STMicroelectronics.X-CUBE-ALS.1.0.2
2024-10-15 18:49:06,705 [WARN] PackLoader:240 - Cannot read IP mode file for wolfSSL.I-CUBE-wolfTPM.3.4.0
2024-10-15 18:49:06,712 [WARN] PackLoader:240 - Cannot read IP mode file for portGmbH.I-Cube-SoM-uGOAL.1.1.0
2024-10-15 18:49:06,731 [WARN] PackLoader:240 - Cannot read IP mode file for STMicroelectronics.X-CUBE-AZRTOS-H7RS.1.0.0
2024-10-15 18:49:06,737 [WARN] PackLoader:240 - Cannot read IP mode file for STMicroelectronics.FP-ATR-ASTRA1.2.0.0
2024-10-15 18:49:06,761 [WARN] PackLoader:240 - Cannot read IP mode file for Infineon.AIROC-Wi-Fi-Bluetooth-STM32.1.6.1
2024-10-15 18:49:06,773 [WARN] PackLoader:240 - Cannot read IP mode file for wolfSSL.I-CUBE-wolfSSH.1.4.17
2024-10-15 18:49:06,776 [INFO] ThirdParty:978 - Integrity check success = true
2024-10-15 18:49:06,776 [INFO] IntegrityCheckThread:100 - exiting critical section [integrity check]
2024-10-15 18:49:06,776 [INFO] IntegrityCheckThread:103 - End integrity checks thread
2024-10-15 18:49:07,881 [INFO] WebApp:167 - Instantiating new browser for Auth
2024-10-15 18:49:09,674 [INFO] WebApp:448 - Apply proxy settings
2024-10-15 18:49:09,682 [INFO] WebApp:493 - Chromium authenticates against Manually configured proxy
2024-10-15 18:49:09,706 [INFO] WebApp:501 - Username used for proxy authentication: 
2024-10-15 18:49:09,778 [INFO] WebApp:869 - Register for checkConnection events
2024-10-15 18:49:09,778 [INFO] WebApp:448 - Apply proxy settings
2024-10-15 18:49:09,782 [INFO] WebApp:493 - Chromium authenticates against Manually configured proxy
2024-10-15 18:49:09,782 [INFO] WebApp:501 - Username used for proxy authentication: 
2024-10-15 18:49:09,928 [INFO] WebApp:220 - Starting web application
2024-10-15 18:49:09,928 [INFO] WebApp:578 - Web application path used /Applications/STM32CubeIDE.app/Contents/Eclipse/plugins/com.st.stm32cube.common.mx_6.12.1.202409122256/db/plugins/mcufinder/reactClient1/index.html
2024-10-15 18:49:10,634 [INFO] WebApp:186 - Connection restablished
2024-10-15 18:59:08,297 [INFO] WebApp:189 - Connection lost
2024-10-15 18:59:08,889 [INFO] WebApp:186 - Connection restablished
2024-10-15 19:03:30,917 [INFO] WebApp:189 - Connection lost
2024-10-15 19:03:31,187 [INFO] WebApp:186 - Connection restablished
2024-10-15 19:59:27,727 [ERROR] LogOutputStream:75 - [STDERR_REDIRECT] 
