2024-10-19 08:56:03,313 [INFO] Activator:176 - 


2024-10-19 08:56:03,319 [INFO] Activator:177 - !SESSION log4j initialized
2024-10-19 08:56:07,365 [INFO] LogOutputStream:77 - [STDOUT_REDIRECT] 
2024-10-19 08:56:08,839 [ERROR] LogOutputStream:75 - [STDERR_REDIRECT] 
2024-10-19 08:56:11,239 [INFO] LogOutputStream:77 - [STDOUT_REDIRECT] 
2024-10-19 08:56:12,759 [INFO] ApplicationProperties:184 - Using Application install path: /Applications/STM32CubeIDE.app/Contents/Eclipse/plugins/com.st.stm32cube.common.mx_6.12.1.202409122256
2024-10-19 08:56:12,776 [INFO] DbMcusXml:78 - Set database path to: /Applications/STM32CubeIDE.app/Contents/Eclipse/plugins/com.st.stm32cube.common.mx_6.12.1.202409122256//db//mcu/
2024-10-19 08:56:12,776 [INFO] ApiDb:274 - Set plugin database path to: /Applications/STM32CubeIDE.app/Contents/Eclipse/plugins/com.st.stm32cube.common.mx_6.12.1.202409122256//db//plugins/boardmanager/
2024-10-19 08:56:12,778 [WARN] ApiDb:259 - Overriding images path with different value:  => /Applications/STM32CubeIDE.app/Contents/Eclipse/plugins/com.st.stm32cube.common.mx_6.12.1.202409122256//db//plugins/mcufinder/images/
2024-10-19 08:56:12,797 [INFO] ApiDb:250 - Set database path to: /var/root/.stmcufinder/plugins/mcufinder//mcu/
2024-10-19 08:56:12,798 [INFO] DbMcusAds:125 - Set database path to: /var/root/.stmcufinder/plugins/mcufinder//mcu/
2024-10-19 08:56:12,800 [INFO] CrossReferenceDbSqlite:203 - Set database path to: /var/root/.stmcufinder/plugins/mcufinder//mcu/cs/
2024-10-19 08:56:13,039 [INFO] RulesReader:64 - Compatibility file has been processed (297 Rules)
2024-10-19 08:56:13,143 [INFO] DbMcusXml:78 - Set database path to: /Applications/STM32CubeIDE.app/Contents/Eclipse/plugins/com.st.stm32cube.common.mx_6.12.1.202409122256//db//mcu/
2024-10-19 08:56:13,143 [INFO] ApiDb:274 - Set plugin database path to: /Applications/STM32CubeIDE.app/Contents/Eclipse/plugins/com.st.stm32cube.common.mx_6.12.1.202409122256//db//plugins/boardmanager/
2024-10-19 08:56:13,143 [INFO] ApiDb:261 - Set plugin images path to: /Applications/STM32CubeIDE.app/Contents/Eclipse/plugins/com.st.stm32cube.common.mx_6.12.1.202409122256//db//plugins/mcufinder/images/
2024-10-19 08:56:13,144 [WARN] DbFile:41 - Overriding database path with different value: /var/root/.stmcufinder/plugins/mcufinder/ => /var/root/.stmcufinder/plugins/mcufinder
2024-10-19 08:56:13,144 [INFO] ApiDb:250 - Set database path to: /var/root/.stmcufinder/plugins/mcufinder//mcu/
2024-10-19 08:56:13,144 [WARN] DbFile:41 - Overriding database path with different value: /var/root/.stmcufinder/plugins/mcufinder/ => /var/root/.stmcufinder/plugins/mcufinder
2024-10-19 08:56:13,144 [INFO] DbMcusAds:125 - Set database path to: /var/root/.stmcufinder/plugins/mcufinder//mcu/
2024-10-19 08:56:13,144 [WARN] DbFile:41 - Overriding database path with different value: /var/root/.stmcufinder/plugins/mcufinder/ => /var/root/.stmcufinder/plugins/mcufinder
2024-10-19 08:56:13,144 [WARN] DbFile:41 - Overriding database path with different value: /var/root/.stmcufinder/plugins/mcufinder/ => /var/root/.stmcufinder/plugins/mcufinder
2024-10-19 08:56:13,144 [INFO] CrossReferenceDbSqlite:203 - Set database path to: /var/root/.stmcufinder/plugins/mcufinder//mcu/cs/
2024-10-19 08:56:13,301 [INFO] MainPanel:268 - HeapMemory: 268435456
2024-10-19 08:56:14,503 [INFO] DbMcusXml:78 - Set database path to: /Applications/STM32CubeIDE.app/Contents/Eclipse/plugins/com.st.stm32cube.common.mx_6.12.1.202409122256//db//mcu/
2024-10-19 08:56:14,506 [INFO] ApiDb:274 - Set plugin database path to: /Applications/STM32CubeIDE.app/Contents/Eclipse/plugins/com.st.stm32cube.common.mx_6.12.1.202409122256//db//plugins/boardmanager/
2024-10-19 08:56:14,507 [INFO] ApiDb:261 - Set plugin images path to: /Applications/STM32CubeIDE.app/Contents/Eclipse/plugins/com.st.stm32cube.common.mx_6.12.1.202409122256//db//plugins/mcufinder/images/
2024-10-19 08:56:14,524 [WARN] DbFile:41 - Overriding database path with different value: /var/root/.stmcufinder/plugins/mcufinder/ => /var/root/.stmcufinder/plugins/mcufinder
2024-10-19 08:56:14,525 [INFO] ApiDb:250 - Set database path to: /var/root/.stmcufinder/plugins/mcufinder//mcu/
2024-10-19 08:56:14,525 [WARN] DbFile:41 - Overriding database path with different value: /var/root/.stmcufinder/plugins/mcufinder/ => /var/root/.stmcufinder/plugins/mcufinder
2024-10-19 08:56:14,525 [INFO] DbMcusAds:125 - Set database path to: /var/root/.stmcufinder/plugins/mcufinder//mcu/
2024-10-19 08:56:14,525 [WARN] DbFile:41 - Overriding database path with different value: /var/root/.stmcufinder/plugins/mcufinder/ => /var/root/.stmcufinder/plugins/mcufinder
2024-10-19 08:56:14,525 [WARN] DbFile:41 - Overriding database path with different value: /var/root/.stmcufinder/plugins/mcufinder/ => /var/root/.stmcufinder/plugins/mcufinder
2024-10-19 08:56:14,526 [INFO] CrossReferenceDbSqlite:203 - Set database path to: /var/root/.stmcufinder/plugins/mcufinder//mcu/cs/
2024-10-19 08:56:14,669 [INFO] ApplicationProperties:184 - Using Application install path: /Applications/STM32CubeIDE.app/Contents/Eclipse/plugins/com.st.stm32cube.common.mx_6.12.1.202409122256
2024-10-19 08:56:14,678 [INFO] PluginManage:196 - Search for loadable plugins [exclusion list=, ]
2024-10-19 08:56:14,697 [INFO] PluginManage:310 - Check plugin analytics
2024-10-19 08:56:14,983 [ERROR] LogOutputStream:75 - [STDERR_REDIRECT] [Fatal Error] :2:10: DOCTYPE is disallowed when the feature "http://apache.org/xml/features/disallow-doctype-decl" set to true.
2024-10-19 08:56:14,984 [ERROR] LogOutputStream:75 - [STDERR_REDIRECT] 
2024-10-19 08:56:15,238 [INFO] AnalyticsPlugin:253 - Accepted Software Licenses: 
2024-10-19 08:56:15,239 [INFO] AnalyticsPlugin:255 - Accepted CMSIS Pack Licenses: 
2024-10-19 08:56:15,239 [INFO] AnalyticsPlugin:257 - Accepted Firmware Licenses: 
2024-10-19 08:56:15,251 [INFO] PluginManage:359 - Loaded plugin analytics (category:tool,tabindex:-1)
2024-10-19 08:56:15,251 [INFO] PluginManage:310 - Check plugin cadmodel
2024-10-19 08:56:15,265 [INFO] CADModel:105 - Init CAD model plugin
2024-10-19 08:56:15,265 [INFO] PluginManage:359 - Loaded plugin cadmodel (category:power,tabindex:5)
2024-10-19 08:56:15,266 [INFO] PluginManage:310 - Check plugin clock
2024-10-19 08:56:15,275 [INFO] PluginManage:359 - Loaded plugin clock (category:base,tabindex:2)
2024-10-19 08:56:15,275 [INFO] PluginManage:310 - Check plugin ddr
2024-10-19 08:56:15,277 [INFO] PluginManage:359 - Loaded plugin ddr (category:tool,tabindex:6)
2024-10-19 08:56:15,277 [INFO] PluginManage:310 - Check plugin filemanager
2024-10-19 08:56:15,425 [INFO] PluginManage:359 - Loaded plugin filemanager (category:base,tabindex:10)
2024-10-19 08:56:15,425 [INFO] PluginManage:310 - Check plugin ipmanager
2024-10-19 08:56:15,431 [INFO] PluginManage:359 - Loaded plugin ipmanager (category:base,tabindex:5)
2024-10-19 08:56:15,432 [INFO] PluginManage:310 - Check plugin lpbam
2024-10-19 08:56:15,438 [INFO] PluginManage:359 - Loaded plugin lpbam (category:base,tabindex:0)
2024-10-19 08:56:15,438 [INFO] PluginManage:310 - Check plugin memorymap
2024-10-19 08:56:15,445 [INFO] PluginManage:359 - Loaded plugin memorymap (category:base,tabindex:4)
2024-10-19 08:56:15,446 [INFO] PluginManage:310 - Check plugin pinoutandconfiguration
2024-10-19 08:56:15,450 [INFO] PluginManage:359 - Loaded plugin pinoutandconfiguration (category:base,tabindex:1)
2024-10-19 08:56:15,450 [INFO] PluginManage:310 - Check plugin pinoutconfig
2024-10-19 08:56:15,522 [WARN] SupportedApi:132 - Cannot load RTOS API schema: s4s-elt-must-match.1: The content of 'definitions' must match (annotation?, (simpleType | complexType)?, (unique | key | keyref)*)). A problem was found starting at: attribute.
2024-10-19 08:56:15,637 [INFO] PluginManage:359 - Loaded plugin pinoutconfig (category:base,tabindex:0)
2024-10-19 08:56:15,684 [INFO] PluginManage:310 - Check plugin power
2024-10-19 08:56:15,695 [INFO] PluginManage:359 - Loaded plugin power (category:power,tabindex:4)
2024-10-19 08:56:15,695 [INFO] PluginManage:310 - Check plugin projectmanager
2024-10-19 08:56:15,727 [INFO] PluginManage:359 - Loaded plugin projectmanager (category:projectmanager,tabindex:4)
2024-10-19 08:56:15,727 [INFO] PluginManage:310 - Check plugin rif
2024-10-19 08:56:15,731 [INFO] PluginManage:359 - Loaded plugin rif (category:base,tabindex:3)
2024-10-19 08:56:15,731 [INFO] PluginManage:310 - Check plugin thirdparty
2024-10-19 08:56:15,985 [INFO] PluginManage:359 - Loaded plugin thirdparty (category:base,tabindex:-1)
2024-10-19 08:56:15,989 [INFO] PluginManage:310 - Check plugin tools
2024-10-19 08:56:15,985 [WARN] IntegrityCheckThread:84 - waiting for thirdparty lock release [integrity check]
2024-10-19 08:56:15,990 [INFO] IntegrityCheckThread:86 - entering critical section [integrity check]
2024-10-19 08:56:15,993 [INFO] ThirdPartyUpdaterWithRetryManager:70 - Updater plugin not ready yet. [1/15]
2024-10-19 08:56:16,000 [INFO] PluginManage:359 - Loaded plugin tools (category:base,tabindex:7)
2024-10-19 08:56:16,000 [INFO] PluginManage:310 - Check plugin tutovideos
2024-10-19 08:56:16,162 [INFO] PluginManage:359 - Loaded plugin tutovideos (category:base,tabindex:-1)
2024-10-19 08:56:16,162 [INFO] PluginManage:310 - Check plugin updater
2024-10-19 08:56:16,195 [INFO] PluginManage:359 - Loaded plugin updater (category:base,tabindex:12)
2024-10-19 08:56:16,195 [INFO] PluginManage:310 - Check plugin userauth
2024-10-19 08:56:16,203 [INFO] UserAuth:113 - Init User Auth plugin
2024-10-19 08:56:16,204 [INFO] PluginManage:359 - Loaded plugin userauth (category:base,tabindex:14)
2024-10-19 08:56:16,205 [INFO] PluginManage:283 - PluginManage : Loaded plugins [18]
2024-10-19 08:56:16,438 [INFO] PinOutPanel:1561 - setPackage(No Configuration,No Configuration)
2024-10-19 08:56:16,499 [INFO] CADModel:165 - CPN selected for project level
2024-10-19 08:56:16,499 [INFO] CADModel:114 - Register for checkConnection events
2024-10-19 08:56:16,507 [INFO] IPUIPlugin:80 - create IPUIPlugin
2024-10-19 08:56:16,507 [INFO] PluginManager:220 - loadIPPluginJar : add mdma
2024-10-19 08:56:16,511 [INFO] IPUIPlugin:80 - create IPUIPlugin
2024-10-19 08:56:16,511 [INFO] PluginManager:220 - loadIPPluginJar : add freertos
2024-10-19 08:56:16,513 [INFO] IPUIPlugin:80 - create IPUIPlugin
2024-10-19 08:56:16,513 [INFO] PluginManager:220 - loadIPPluginJar : add gic
2024-10-19 08:56:16,518 [INFO] IPUIPlugin:80 - create IPUIPlugin
2024-10-19 08:56:16,518 [INFO] PluginManager:220 - loadIPPluginJar : add adc
2024-10-19 08:56:16,519 [INFO] IPUIPlugin:80 - create IPUIPlugin
2024-10-19 08:56:16,519 [INFO] PluginManager:220 - loadIPPluginJar : add gtzc
2024-10-19 08:56:16,520 [INFO] IPUIPlugin:80 - create IPUIPlugin
2024-10-19 08:56:16,520 [INFO] PluginManager:220 - loadIPPluginJar : add quadspi
2024-10-19 08:56:16,521 [INFO] IPUIPlugin:80 - create IPUIPlugin
2024-10-19 08:56:16,521 [INFO] PluginManager:220 - loadIPPluginJar : add aes
2024-10-19 08:56:16,523 [INFO] IPUIPlugin:80 - create IPUIPlugin
2024-10-19 08:56:16,523 [INFO] PluginManager:220 - loadIPPluginJar : add pdm2pcm
2024-10-19 08:56:16,524 [INFO] IPUIPlugin:80 - create IPUIPlugin
2024-10-19 08:56:16,524 [INFO] PluginManager:220 - loadIPPluginJar : add hash
2024-10-19 08:56:16,525 [INFO] IPUIPlugin:80 - create IPUIPlugin
2024-10-19 08:56:16,525 [INFO] PluginManager:220 - loadIPPluginJar : add tim
2024-10-19 08:56:16,526 [INFO] IPUIPlugin:80 - create IPUIPlugin
2024-10-19 08:56:16,526 [INFO] PluginManager:220 - loadIPPluginJar : add tsc
2024-10-19 08:56:16,528 [INFO] IPUIPlugin:80 - create IPUIPlugin
2024-10-19 08:56:16,528 [INFO] PluginManager:220 - loadIPPluginJar : add extmemmanager
2024-10-19 08:56:16,529 [INFO] IPUIPlugin:80 - create IPUIPlugin
2024-10-19 08:56:16,529 [INFO] PluginManager:220 - loadIPPluginJar : add ts
2024-10-19 08:56:16,529 [INFO] IPUIPlugin:80 - create IPUIPlugin
2024-10-19 08:56:16,529 [INFO] PluginManager:220 - loadIPPluginJar : add radio
2024-10-19 08:56:16,530 [INFO] IPUIPlugin:80 - create IPUIPlugin
2024-10-19 08:56:16,530 [INFO] PluginManager:220 - loadIPPluginJar : add can
2024-10-19 08:56:16,532 [INFO] IPUIPlugin:80 - create IPUIPlugin
2024-10-19 08:56:16,532 [INFO] PluginManager:220 - loadIPPluginJar : add dma3
2024-10-19 08:56:16,533 [INFO] IPUIPlugin:80 - create IPUIPlugin
2024-10-19 08:56:16,533 [INFO] PluginManager:220 - loadIPPluginJar : add dfsdm
2024-10-19 08:56:16,534 [INFO] IPUIPlugin:80 - create IPUIPlugin
2024-10-19 08:56:16,534 [INFO] PluginManager:220 - loadIPPluginJar : add spi
2024-10-19 08:56:16,535 [INFO] IPUIPlugin:80 - create IPUIPlugin
2024-10-19 08:56:16,536 [INFO] PluginManager:220 - loadIPPluginJar : add gfxmmu
2024-10-19 08:56:16,537 [INFO] IPUIPlugin:80 - create IPUIPlugin
2024-10-19 08:56:16,537 [INFO] PluginManager:220 - loadIPPluginJar : add genericplugin
2024-10-19 08:56:16,539 [INFO] IPUIPlugin:80 - create IPUIPlugin
2024-10-19 08:56:16,539 [INFO] PluginManager:220 - loadIPPluginJar : add cryp
2024-10-19 08:56:16,541 [INFO] IPUIPlugin:80 - create IPUIPlugin
2024-10-19 08:56:16,541 [INFO] PluginManager:220 - loadIPPluginJar : add gpio
2024-10-19 08:56:16,543 [INFO] IPUIPlugin:80 - create IPUIPlugin
2024-10-19 08:56:16,543 [INFO] PluginManager:220 - loadIPPluginJar : add ddr_ctrl_phy
2024-10-19 08:56:16,544 [INFO] IPUIPlugin:80 - create IPUIPlugin
2024-10-19 08:56:16,545 [INFO] PluginManager:220 - loadIPPluginJar : add comp
2024-10-19 08:56:16,546 [INFO] IPUIPlugin:80 - create IPUIPlugin
2024-10-19 08:56:16,546 [INFO] PluginManager:220 - loadIPPluginJar : add tracer_emb
2024-10-19 08:56:16,548 [INFO] IPUIPlugin:80 - create IPUIPlugin
2024-10-19 08:56:16,548 [INFO] PluginManager:220 - loadIPPluginJar : add openamp
2024-10-19 08:56:16,550 [INFO] IPUIPlugin:80 - create IPUIPlugin
2024-10-19 08:56:16,550 [INFO] PluginManager:220 - loadIPPluginJar : add stm32_wpan
2024-10-19 08:56:16,553 [INFO] IPUIPlugin:80 - create IPUIPlugin
2024-10-19 08:56:16,557 [INFO] PluginManager:220 - loadIPPluginJar : add plateformsettings
2024-10-19 08:56:16,559 [INFO] IPUIPlugin:80 - create IPUIPlugin
2024-10-19 08:56:16,559 [INFO] PluginManager:220 - loadIPPluginJar : add ipddr
2024-10-19 08:56:16,560 [INFO] IPUIPlugin:80 - create IPUIPlugin
2024-10-19 08:56:16,560 [INFO] PluginManager:220 - loadIPPluginJar : add usart
2024-10-19 08:56:16,561 [INFO] IPUIPlugin:80 - create IPUIPlugin
2024-10-19 08:56:16,561 [INFO] PluginManager:220 - loadIPPluginJar : add ltdc
2024-10-19 08:56:16,562 [INFO] IPUIPlugin:80 - create IPUIPlugin
2024-10-19 08:56:16,562 [INFO] PluginManager:220 - loadIPPluginJar : add nvic
2024-10-19 08:56:16,563 [INFO] IPUIPlugin:80 - create IPUIPlugin
2024-10-19 08:56:16,563 [INFO] PluginManager:220 - loadIPPluginJar : add fatfs
2024-10-19 08:56:16,566 [INFO] IPUIPlugin:80 - create IPUIPlugin
2024-10-19 08:56:16,566 [INFO] PluginManager:220 - loadIPPluginJar : add linkedlist
2024-10-19 08:56:16,569 [INFO] IPUIPlugin:80 - create IPUIPlugin
2024-10-19 08:56:16,569 [INFO] PluginManager:220 - loadIPPluginJar : add dma
2024-10-19 08:56:16,571 [INFO] IPUIPlugin:80 - create IPUIPlugin
2024-10-19 08:56:16,571 [INFO] PluginManager:220 - loadIPPluginJar : add fmc
2024-10-19 08:56:16,572 [INFO] IPUIPlugin:80 - create IPUIPlugin
2024-10-19 08:56:16,572 [INFO] PluginManager:220 - loadIPPluginJar : add i2s
2024-10-19 08:56:16,573 [INFO] IPUIPlugin:80 - create IPUIPlugin
2024-10-19 08:56:16,573 [INFO] PluginManager:220 - loadIPPluginJar : add ucpd
2024-10-19 08:56:16,574 [INFO] IPUIPlugin:80 - create IPUIPlugin
2024-10-19 08:56:16,574 [INFO] PluginManager:220 - loadIPPluginJar : add lorawan
2024-10-19 08:56:16,575 [INFO] IPUIPlugin:80 - create IPUIPlugin
2024-10-19 08:56:16,575 [INFO] PluginManager:220 - loadIPPluginJar : add opamp
2024-10-19 08:56:16,576 [INFO] IPUIPlugin:80 - create IPUIPlugin
2024-10-19 08:56:16,576 [INFO] PluginManager:220 - loadIPPluginJar : add i3c
2024-10-19 08:56:16,577 [INFO] IPUIPlugin:80 - create IPUIPlugin
2024-10-19 08:56:16,578 [INFO] PluginManager:220 - loadIPPluginJar : add touchsensing
2024-10-19 08:56:16,579 [INFO] IPUIPlugin:80 - create IPUIPlugin
2024-10-19 08:56:16,579 [INFO] PluginManager:220 - loadIPPluginJar : add i2c
2024-10-19 08:56:16,580 [INFO] IPUIPlugin:80 - create IPUIPlugin
2024-10-19 08:56:16,580 [INFO] PluginManager:220 - loadIPPluginJar : add resmgrutility
2024-10-19 08:56:16,582 [INFO] IPUIPlugin:80 - create IPUIPlugin
2024-10-19 08:56:16,582 [INFO] PluginManager:220 - loadIPPluginJar : add sai
2024-10-19 08:56:16,585 [INFO] IPUIPlugin:80 - create IPUIPlugin
2024-10-19 08:56:16,585 [INFO] PluginManager:220 - loadIPPluginJar : add usbx
2024-10-19 08:56:16,692 [INFO] CADModel:165 - CPN selected for project level
2024-10-19 08:56:16,692 [INFO] CADModel:114 - Register for checkConnection events
2024-10-19 08:56:16,693 [FATAL] Updater:334 - Updater called before beeing initialized
2024-10-19 08:56:16,693 [ERROR] CADModel:125 - Updater not yet initialized, retry later 
2024-10-19 08:56:16,935 [INFO] CADModel:165 - CPN selected for project level
2024-10-19 08:56:16,936 [INFO] CADModel:114 - Register for checkConnection events
2024-10-19 08:56:16,936 [FATAL] Updater:334 - Updater called before beeing initialized
2024-10-19 08:56:16,936 [ERROR] CADModel:125 - Updater not yet initialized, retry later 
2024-10-19 08:56:16,937 [FATAL] Updater:334 - Updater called before beeing initialized
2024-10-19 08:56:17,079 [FATAL] Updater:334 - Updater called before beeing initialized
2024-10-19 08:56:17,084 [INFO] DbMcusAds:53 - JSON generation date=Fri Sep 20 18:34:23 IST 2024 (1726837463113)
2024-10-19 08:56:17,085 [FATAL] Updater:334 - Updater called before beeing initialized
2024-10-19 08:56:17,188 [WARN] DetailPanel:346 - Failed to get advertising image, set to default
2024-10-19 08:56:17,264 [FATAL] Updater:334 - Updater called before beeing initialized
2024-10-19 08:56:17,266 [FATAL] Updater:334 - Updater called before beeing initialized
2024-10-19 08:56:17,266 [FATAL] Updater:334 - Updater called before beeing initialized
2024-10-19 08:56:17,266 [WARN] DetailPanel:346 - Failed to get advertising image, set to default
2024-10-19 08:56:17,268 [FATAL] Updater:334 - Updater called before beeing initialized
2024-10-19 08:56:17,336 [ERROR] Updater:1164 - MainUpdater not yet initialized. External WinMGr cannot be set.
2024-10-19 08:56:17,343 [INFO] Updater:1100 - Updater Version found : 6.12.1
2024-10-19 08:56:17,355 [INFO] ApplicationProperties:184 - Using Application install path: /Applications/STM32CubeIDE.app/Contents/Eclipse/plugins/com.st.stm32cube.common.mx_6.12.1.202409122256
2024-10-19 08:56:18,027 [INFO] MainUpdater:2873 - connection check result : 10
2024-10-19 08:56:18,028 [INFO] MainUpdater:3567 - Updater definition file requires update
2024-10-19 08:56:18,029 [INFO] MainUpdater:290 - Updater Check For Update Now.
2024-10-19 08:56:18,029 [INFO] MicroXplorer:498 - Change Database Version : DB.6.0.121
2024-10-19 08:56:18,035 [INFO] McuFinderGlobals:63 - Set McuFinder mode to 2 (CubeIDE integrated)
2024-10-19 08:56:18,035 [INFO] UserAuth:179 - activating auth plugin
2024-10-19 08:56:18,046 [INFO] UserAuth:417 - Internet connection configuration mode: 1
2024-10-19 08:56:18,062 [INFO] JxBrowserEngine:152 - Initiate JxBrowser Engine with user profile folder
2024-10-19 08:56:18,297 [INFO] ServerAccessManage:473 - Download File updaters.zip
2024-10-19 08:56:18,462 [INFO] FileExtend:240 - Unzip File : updaters.zip
2024-10-19 08:56:18,464 [INFO] FileExtend:255 - Standard Zip Deflate
2024-10-19 08:56:18,800 [INFO] ServerAccessManage:473 - Download File PacksControlFlags.xml
2024-10-19 08:56:18,945 [INFO] ServerAccessManage:473 - Download File cubemx.pidx
2024-10-19 08:56:19,000 [WARN] MainUpdater:1194 - Updater busy. Cannot search thirdparties
2024-10-19 08:56:19,000 [INFO] ThirdPartyUpdaterWithRetryManager:96 - Updater plugin is busy. [1/15]
2024-10-19 08:56:19,095 [INFO] LoadServerUpdatesThread:375 - End of LoadServerUpdate Thread
2024-10-19 08:56:19,342 [INFO] CheckServerUpdateThread:120 - End of CheckServer Thread
2024-10-19 08:56:22,167 [WARN] PackLoader:240 - Cannot read IP mode file for STMicroelectronics.FP-SNS-MOTENVWB1.1.4.0
2024-10-19 08:56:22,191 [WARN] PackLoader:240 - Cannot read IP mode file for STMicroelectronics.X-CUBE-SMBUS.2.1.0
2024-10-19 08:56:22,215 [WARN] PackLoader:240 - Cannot read IP mode file for STMicroelectronics.X-CUBE-WB05N.1.1.0
2024-10-19 08:56:22,265 [WARN] PackLoader:240 - Cannot read IP mode file for STMicroelectronics.X-CUBE-AZRTOS-F7.1.1.0
2024-10-19 08:56:22,307 [WARN] PackLoader:240 - Cannot read IP mode file for STMicroelectronics.FP-SNS-FLIGHT1.5.0.2
2024-10-19 08:56:22,323 [WARN] PackLoader:240 - Cannot read IP mode file for STMicroelectronics.X-CUBE-DISPLAY.3.0.0
2024-10-19 08:56:22,349 [WARN] PackLoader:240 - Cannot read IP mode file for STMicroelectronics.X-CUBE-BLE1.7.0.0
2024-10-19 08:56:22,386 [WARN] PackLoader:240 - Cannot read IP mode file for STMicroelectronics.X-CUBE-NFC10.1.0.0
2024-10-19 08:56:22,404 [WARN] PackLoader:240 - Cannot read IP mode file for emotas.I-CUBE-CANOPEN.1.3.0
2024-10-19 08:56:22,424 [WARN] PackLoader:240 - Cannot read IP mode file for STMicroelectronics.X-CUBE-BLEMGR.3.1.0
2024-10-19 08:56:22,442 [WARN] PackLoader:240 - Cannot read IP mode file for STMicroelectronics.FP-SNS-SMARTAG2.1.2.0
2024-10-19 08:56:22,467 [INFO] LogOutputStream:77 - [STDOUT_REDIRECT] 1 : Invalid condition id : UX_CORESTACK_Condition cause : null
2024-10-19 08:56:22,469 [INFO] LogOutputStream:77 - [STDOUT_REDIRECT] 1 : Invalid condition id : UX_CORESTACK_Condition cause : null
2024-10-19 08:56:22,469 [INFO] LogOutputStream:77 - [STDOUT_REDIRECT] 1 : Invalid condition id : UX_CORESTACK_Condition cause : null
2024-10-19 08:56:22,470 [INFO] LogOutputStream:77 - [STDOUT_REDIRECT] 1 : Invalid condition id : UX_CORESTACK_Condition cause : null
2024-10-19 08:56:22,471 [INFO] LogOutputStream:77 - [STDOUT_REDIRECT] 1 : Invalid condition id : UX_CORESTACK_Condition cause : null
2024-10-19 08:56:22,480 [WARN] PackLoader:240 - Cannot read IP mode file for STMicroelectronics.X-CUBE-AZRTOS-WL.2.0.0
2024-10-19 08:56:22,490 [WARN] PackLoader:240 - Cannot read IP mode file for STMicroelectronics.FP-SNS-MOTENV1.5.0.0
2024-10-19 08:56:22,507 [WARN] PackLoader:240 - Cannot read IP mode file for wolfSSL.I-CUBE-wolfMQTT.1.19.0
2024-10-19 08:56:22,524 [WARN] PackLoader:240 - Cannot read IP mode file for WES.I-CUBE-Cesium.1.3.0
2024-10-19 08:56:22,534 [WARN] PackLoader:240 - Cannot read IP mode file for STMicroelectronics.X-CUBE-BLE2.3.3.0
2024-10-19 08:56:22,557 [WARN] PackLoader:240 - Cannot read IP mode file for STMicroelectronics.X-CUBE-NFC9.1.0.0
2024-10-19 08:56:22,580 [WARN] PackLoader:240 - Cannot read IP mode file for STMicroelectronics.X-CUBE-TCPP.4.1.0
2024-10-19 08:56:22,621 [WARN] PackLoader:240 - Cannot read IP mode file for STMicroelectronics.X-CUBE-AZRTOS-G0.1.1.0
2024-10-19 08:56:22,642 [WARN] PackLoader:240 - Cannot read IP mode file for STMicroelectronics.X-CUBE-SAFEA1.1.2.2
2024-10-19 08:56:22,649 [WARN] PackLoader:240 - Cannot read IP mode file for STMicroelectronics.X-CUBE-NFC4.3.0.0
2024-10-19 08:56:22,684 [WARN] PackLoader:240 - Cannot read IP mode file for EmbeddedOffice.I-CUBE-FS-RTOS.1.0.1
2024-10-19 08:56:22,686 [ERROR] ConditionMgr:805 - Attr not supported : Dmpu
2024-10-19 08:56:22,687 [ERROR] ConditionMgr:805 - Attr not supported : Dmpu
2024-10-19 08:56:22,687 [ERROR] ConditionMgr:805 - Attr not supported : Dmpu
2024-10-19 08:56:22,688 [ERROR] ConditionMgr:805 - Attr not supported : Dmpu
2024-10-19 08:56:22,688 [ERROR] ConditionMgr:805 - Attr not supported : Dmpu
2024-10-19 08:56:22,688 [ERROR] ConditionMgr:805 - Attr not supported : Dmpu
2024-10-19 08:56:22,688 [ERROR] ConditionMgr:805 - Attr not supported : Dmpu
2024-10-19 08:56:22,688 [ERROR] ConditionMgr:805 - Attr not supported : Dmpu
2024-10-19 08:56:22,688 [ERROR] ConditionMgr:805 - Attr not supported : Dmpu
2024-10-19 08:56:22,688 [ERROR] ConditionMgr:805 - Attr not supported : Dmpu
2024-10-19 08:56:22,688 [ERROR] ConditionMgr:805 - Attr not supported : Dmpu
2024-10-19 08:56:22,688 [ERROR] ConditionMgr:805 - Attr not supported : Dmpu
2024-10-19 08:56:22,688 [ERROR] ConditionMgr:805 - Attr not supported : Dmpu
2024-10-19 08:56:22,688 [ERROR] ConditionMgr:805 - Attr not supported : Dmpu
2024-10-19 08:56:22,688 [ERROR] ConditionMgr:805 - Attr not supported : Dmpu
2024-10-19 08:56:22,689 [ERROR] ConditionMgr:805 - Attr not supported : Dmpu
2024-10-19 08:56:22,689 [ERROR] ConditionMgr:805 - Attr not supported : Dmpu
2024-10-19 08:56:22,689 [ERROR] ConditionMgr:805 - Attr not supported : Dmpu
2024-10-19 08:56:22,689 [ERROR] ConditionMgr:805 - Attr not supported : Dmpu
2024-10-19 08:56:22,689 [ERROR] ConditionMgr:805 - Attr not supported : Dmpu
2024-10-19 08:56:22,689 [ERROR] ConditionMgr:805 - Attr not supported : Dmpu
2024-10-19 08:56:22,689 [ERROR] ConditionMgr:805 - Attr not supported : Dmpu
2024-10-19 08:56:22,689 [ERROR] ConditionMgr:805 - Attr not supported : Dmpu
2024-10-19 08:56:22,689 [ERROR] ConditionMgr:805 - Attr not supported : Dmpu
2024-10-19 08:56:22,689 [ERROR] ConditionMgr:805 - Attr not supported : Dmpu
2024-10-19 08:56:22,689 [ERROR] ConditionMgr:805 - Attr not supported : Dmpu
2024-10-19 08:56:22,690 [ERROR] ConditionMgr:805 - Attr not supported : Dmpu
2024-10-19 08:56:22,690 [ERROR] ConditionMgr:805 - Attr not supported : Dmpu
2024-10-19 08:56:22,690 [ERROR] ConditionMgr:805 - Attr not supported : Dmpu
2024-10-19 08:56:22,690 [ERROR] ConditionMgr:805 - Attr not supported : Dmpu
2024-10-19 08:56:22,691 [ERROR] ConditionMgr:805 - Attr not supported : Dmpu
2024-10-19 08:56:22,691 [ERROR] ConditionMgr:805 - Attr not supported : Dmpu
2024-10-19 08:56:22,691 [ERROR] ConditionMgr:805 - Attr not supported : Dmpu
2024-10-19 08:56:22,691 [ERROR] ConditionMgr:805 - Attr not supported : Dmpu
2024-10-19 08:56:22,691 [ERROR] ConditionMgr:805 - Attr not supported : Dmpu
2024-10-19 08:56:22,691 [ERROR] ConditionMgr:805 - Attr not supported : Dmpu
2024-10-19 08:56:22,691 [ERROR] ConditionMgr:805 - Attr not supported : Dmpu
2024-10-19 08:56:22,692 [ERROR] ConditionMgr:805 - Attr not supported : Dmpu
2024-10-19 08:56:22,692 [ERROR] ConditionMgr:805 - Attr not supported : Dmpu
2024-10-19 08:56:22,692 [ERROR] ConditionMgr:805 - Attr not supported : Dmpu
2024-10-19 08:56:22,692 [ERROR] ConditionMgr:805 - Attr not supported : Dmpu
2024-10-19 08:56:22,692 [ERROR] ConditionMgr:805 - Attr not supported : Dmpu
2024-10-19 08:56:22,692 [ERROR] ConditionMgr:805 - Attr not supported : Dmpu
2024-10-19 08:56:22,692 [ERROR] ConditionMgr:805 - Attr not supported : Dmpu
2024-10-19 08:56:22,692 [ERROR] ConditionMgr:805 - Attr not supported : Dmpu
2024-10-19 08:56:22,692 [ERROR] ConditionMgr:805 - Attr not supported : Dmpu
2024-10-19 08:56:22,692 [ERROR] ConditionMgr:805 - Attr not supported : Dmpu
2024-10-19 08:56:22,692 [ERROR] ConditionMgr:805 - Attr not supported : Dmpu
2024-10-19 08:56:22,692 [ERROR] ConditionMgr:805 - Attr not supported : Dmpu
2024-10-19 08:56:22,692 [ERROR] ConditionMgr:805 - Attr not supported : Dmpu
2024-10-19 08:56:22,692 [ERROR] ConditionMgr:805 - Attr not supported : Dmpu
2024-10-19 08:56:22,692 [ERROR] ConditionMgr:805 - Attr not supported : Dmpu
2024-10-19 08:56:22,692 [ERROR] ConditionMgr:805 - Attr not supported : Dmpu
2024-10-19 08:56:22,692 [ERROR] ConditionMgr:805 - Attr not supported : Dmpu
2024-10-19 08:56:22,693 [ERROR] ConditionMgr:805 - Attr not supported : Dmpu
2024-10-19 08:56:22,693 [ERROR] ConditionMgr:805 - Attr not supported : Dmpu
2024-10-19 08:56:22,693 [ERROR] ConditionMgr:805 - Attr not supported : Dmpu
2024-10-19 08:56:22,693 [ERROR] ConditionMgr:805 - Attr not supported : Dmpu
2024-10-19 08:56:22,693 [ERROR] ConditionMgr:805 - Attr not supported : Dmpu
2024-10-19 08:56:22,693 [ERROR] ConditionMgr:805 - Attr not supported : Dmpu
2024-10-19 08:56:22,693 [ERROR] ConditionMgr:805 - Attr not supported : Dmpu
2024-10-19 08:56:22,693 [ERROR] ConditionMgr:805 - Attr not supported : Dmpu
2024-10-19 08:56:22,693 [ERROR] ConditionMgr:805 - Attr not supported : Dmpu
2024-10-19 08:56:22,693 [ERROR] ConditionMgr:805 - Attr not supported : Dmpu
2024-10-19 08:56:22,703 [WARN] PackLoader:240 - Cannot read IP mode file for RealThread.X-CUBE-RT-Thread_Nano.4.1.1
2024-10-19 08:56:22,706 [WARN] PackLoader:240 - Cannot read IP mode file for STMicroelectronics.FP-ATR-SIGFOX1.3.2.0
2024-10-19 08:56:22,711 [WARN] PackLoader:240 - Cannot read IP mode file for wolfSSL.I-CUBE-wolfSSL.5.7.2
2024-10-19 08:56:22,717 [WARN] PackLoader:240 - Cannot read IP mode file for STMicroelectronics.X-CUBE-EEPRMA1.5.1.0
2024-10-19 08:56:22,723 [WARN] PackLoader:240 - Cannot read IP mode file for ITTIA_DB.I-CUBE-ITTIADB.8.9.0
2024-10-19 08:56:22,768 [WARN] PackLoader:240 - Cannot read IP mode file for SEGGER.I-CUBE-embOS.1.3.1
2024-10-19 08:56:22,831 [WARN] PackLoader:240 - Cannot read IP mode file for STMicroelectronics.X-CUBE-ALGOBUILD.1.4.0
2024-10-19 08:56:22,837 [WARN] PackLoader:240 - Cannot read IP mode file for STMicroelectronics.X-CUBE-AI.9.1.0
2024-10-19 08:56:22,858 [WARN] PackLoader:240 - Cannot read IP mode file for STMicroelectronics.X-CUBE-AZRTOS-F4.1.1.0
2024-10-19 08:56:22,877 [WARN] PackLoader:240 - Cannot read IP mode file for STMicroelectronics.X-CUBE-FREERTOS.1.2.0
2024-10-19 08:56:22,900 [WARN] PackLoader:240 - Cannot read IP mode file for STMicroelectronics.X-CUBE-AZRTOS-L5.2.0.0
2024-10-19 08:56:22,914 [WARN] PackLoader:240 - Cannot read IP mode file for STMicroelectronics.X-CUBE-NFC6.3.1.0
2024-10-19 08:56:22,920 [WARN] PackLoader:240 - Cannot read IP mode file for STMicroelectronics.X-CUBE-AI.9.0.0
2024-10-19 08:56:22,925 [WARN] PackLoader:240 - Cannot read IP mode file for STMicroelectronics.X-CUBE-NFC7.1.0.1
2024-10-19 08:56:22,948 [WARN] ConditionMgr:438 - getConditionDescription Invalid condition id : LAN8742 Phy interface Condition cause : null
2024-10-19 08:56:22,949 [WARN] PackLoader:240 - Cannot read IP mode file for STMicroelectronics.X-CUBE-AZRTOS-L4.2.0.0
2024-10-19 08:56:22,952 [WARN] ConditionMgr:1039 - genDependencies : Invalid condition id : LAN8742 Phy interface Condition cause : null
2024-10-19 08:56:22,953 [WARN] ConditionMgr:1039 - genDependencies : Invalid condition id : LAN8742 Phy interface Condition cause : null
2024-10-19 08:56:22,954 [WARN] ConditionMgr:1039 - genDependencies : Invalid condition id : LAN8742 Phy interface Condition cause : null
2024-10-19 08:56:22,966 [WARN] PackLoader:240 - Cannot read IP mode file for STMicroelectronics.X-CUBE-SFXS2LP1.4.0.0
2024-10-19 08:56:22,978 [WARN] PackLoader:240 - Cannot read IP mode file for STMicroelectronics.X-CUBE-IPS.3.0.0
2024-10-19 08:56:22,996 [WARN] ConditionMgr:438 - getConditionDescription Invalid condition id : UX DEVICE CLASS RTOS Condition cause : null
2024-10-19 08:56:22,997 [WARN] ConditionMgr:438 - getConditionDescription Invalid condition id : UX DEVICE CLASS RTOS Condition cause : null
2024-10-19 08:56:23,000 [WARN] PackLoader:240 - Cannot read IP mode file for STMicroelectronics.X-CUBE-AZRTOS-WB.2.0.0
2024-10-19 08:56:23,001 [WARN] ConditionMgr:1039 - genDependencies : Invalid condition id : UX DEVICE CLASS RTOS Condition cause : null
2024-10-19 08:56:23,002 [WARN] ConditionMgr:1039 - genDependencies : Invalid condition id : UX DEVICE CLASS RTOS Condition cause : null
2024-10-19 08:56:23,002 [WARN] ConditionMgr:1039 - genDependencies : Invalid condition id : UX DEVICE CLASS RTOS Condition cause : null
2024-10-19 08:56:23,003 [WARN] ConditionMgr:1039 - genDependencies : Invalid condition id : UX DEVICE CLASS RTOS Condition cause : null
2024-10-19 08:56:23,003 [WARN] ConditionMgr:1039 - genDependencies : Invalid condition id : UX DEVICE CLASS RTOS Condition cause : null
2024-10-19 08:56:23,015 [WARN] PackLoader:240 - Cannot read IP mode file for STMicroelectronics.X-CUBE-SUBG2.5.0.0
2024-10-19 08:56:23,029 [WARN] PackLoader:240 - Cannot read IP mode file for Cesanta.I-CUBE-Mongoose.7.13.0
2024-10-19 08:56:23,031 [WARN] PackLoader:240 - Cannot read IP mode file for STMicroelectronics.X-CUBE-ALS.1.0.2
2024-10-19 08:56:23,034 [WARN] PackLoader:240 - Cannot read IP mode file for wolfSSL.I-CUBE-wolfTPM.3.4.0
2024-10-19 08:56:23,038 [WARN] PackLoader:240 - Cannot read IP mode file for portGmbH.I-Cube-SoM-uGOAL.1.1.0
2024-10-19 08:56:23,078 [WARN] PackLoader:240 - Cannot read IP mode file for STMicroelectronics.X-CUBE-AZRTOS-H7RS.1.0.0
2024-10-19 08:56:23,089 [WARN] PackLoader:240 - Cannot read IP mode file for STMicroelectronics.FP-ATR-ASTRA1.2.0.0
2024-10-19 08:56:23,119 [WARN] PackLoader:240 - Cannot read IP mode file for Infineon.AIROC-Wi-Fi-Bluetooth-STM32.1.6.1
2024-10-19 08:56:23,128 [WARN] PackLoader:240 - Cannot read IP mode file for wolfSSL.I-CUBE-wolfSSH.1.4.17
2024-10-19 08:56:23,130 [INFO] ThirdParty:978 - Integrity check success = true
2024-10-19 08:56:23,130 [INFO] IntegrityCheckThread:100 - exiting critical section [integrity check]
2024-10-19 08:56:23,130 [INFO] IntegrityCheckThread:103 - End integrity checks thread
2024-10-19 08:56:23,856 [INFO] WebApp:167 - Instantiating new browser for Auth
2024-10-19 08:56:25,809 [INFO] WebApp:448 - Apply proxy settings
2024-10-19 08:56:25,832 [INFO] WebApp:493 - Chromium authenticates against Manually configured proxy
2024-10-19 08:56:25,856 [INFO] WebApp:501 - Username used for proxy authentication: 
2024-10-19 08:56:25,925 [INFO] WebApp:869 - Register for checkConnection events
2024-10-19 08:56:25,925 [INFO] WebApp:448 - Apply proxy settings
2024-10-19 08:56:25,927 [INFO] WebApp:493 - Chromium authenticates against Manually configured proxy
2024-10-19 08:56:25,928 [INFO] WebApp:501 - Username used for proxy authentication: 
2024-10-19 08:56:26,079 [INFO] WebApp:220 - Starting web application
2024-10-19 08:56:26,079 [INFO] WebApp:578 - Web application path used /Applications/STM32CubeIDE.app/Contents/Eclipse/plugins/com.st.stm32cube.common.mx_6.12.1.202409122256/db/plugins/mcufinder/reactClient1/index.html
2024-10-19 08:56:26,828 [INFO] WebApp:186 - Connection restablished
2024-10-19 09:05:57,057 [INFO] WebApp:189 - Connection lost
2024-10-19 09:05:58,265 [INFO] WebApp:186 - Connection restablished
2024-10-19 09:06:00,171 [INFO] WebApp:189 - Connection lost
2024-10-19 09:06:00,515 [INFO] WebApp:186 - Connection restablished
2024-10-19 10:09:42,950 [INFO] WebApp:189 - Connection lost
2024-10-19 10:09:43,349 [INFO] WebApp:186 - Connection restablished
2024-10-19 10:20:38,297 [INFO] WebApp:189 - Connection lost
2024-10-19 10:20:38,742 [INFO] WebApp:186 - Connection restablished
2024-10-19 11:17:21,520 [INFO] WebApp:189 - Connection lost
2024-10-19 11:17:21,966 [INFO] WebApp:186 - Connection restablished
2024-10-19 11:24:09,311 [INFO] WebApp:189 - Connection lost
2024-10-19 11:24:09,691 [INFO] WebApp:186 - Connection restablished
2024-10-19 11:24:26,305 [INFO] WebApp:189 - Connection lost
2024-10-19 11:24:27,145 [INFO] WebApp:186 - Connection restablished
2024-10-19 11:28:20,299 [INFO] WebApp:189 - Connection lost
2024-10-19 11:28:20,659 [INFO] WebApp:186 - Connection restablished
2024-10-19 11:33:46,795 [INFO] WebApp:189 - Connection lost
2024-10-19 11:33:51,424 [INFO] WebApp:186 - Connection restablished
2024-10-19 11:33:54,270 [INFO] WebApp:189 - Connection lost
2024-10-19 11:33:54,540 [INFO] WebApp:186 - Connection restablished
2024-10-19 11:35:45,845 [INFO] WebApp:189 - Connection lost
2024-10-19 12:14:23,880 [INFO] WebApp:186 - Connection restablished
2024-10-19 13:07:48,499 [INFO] WebApp:189 - Connection lost
2024-10-19 13:29:34,701 [INFO] WebApp:186 - Connection restablished
2024-10-19 14:54:23,326 [INFO] WebApp:189 - Connection lost
2024-10-19 17:16:00,478 [INFO] WebApp:186 - Connection restablished
2024-10-19 17:19:56,123 [INFO] WebApp:189 - Connection lost
2024-10-19 17:19:57,257 [INFO] WebApp:186 - Connection restablished
2024-10-19 17:20:00,950 [INFO] WebApp:189 - Connection lost
2024-10-19 17:20:02,064 [INFO] WebApp:186 - Connection restablished
2024-10-19 17:35:08,163 [INFO] WebApp:189 - Connection lost
2024-10-19 17:35:09,141 [INFO] WebApp:186 - Connection restablished
2024-10-19 17:35:11,380 [INFO] WebApp:189 - Connection lost
2024-10-19 17:35:11,559 [INFO] WebApp:186 - Connection restablished
2024-10-19 17:47:07,009 [INFO] WebApp:189 - Connection lost
2024-10-19 17:47:07,290 [INFO] WebApp:186 - Connection restablished
2024-10-19 17:47:11,151 [INFO] WebApp:189 - Connection lost
2024-10-19 17:47:11,329 [INFO] WebApp:186 - Connection restablished
2024-10-19 18:03:38,879 [INFO] WebApp:189 - Connection lost
2024-10-19 18:03:39,413 [INFO] WebApp:186 - Connection restablished
2024-10-19 18:05:42,957 [INFO] WebApp:189 - Connection lost
2024-10-19 18:05:43,566 [INFO] WebApp:186 - Connection restablished
2024-10-19 18:21:46,705 [INFO] WebApp:189 - Connection lost
2024-10-19 18:21:47,069 [INFO] WebApp:186 - Connection restablished
2024-10-19 18:37:17,892 [INFO] WebApp:189 - Connection lost
2024-10-19 18:37:18,165 [INFO] WebApp:186 - Connection restablished
2024-10-19 18:48:01,194 [INFO] WebApp:189 - Connection lost
2024-10-19 18:48:03,869 [INFO] WebApp:186 - Connection restablished
2024-10-19 18:48:07,835 [INFO] WebApp:189 - Connection lost
2024-10-19 18:48:08,800 [INFO] WebApp:186 - Connection restablished
2024-10-19 18:51:44,763 [INFO] WebApp:189 - Connection lost
2024-10-19 18:51:45,627 [INFO] WebApp:186 - Connection restablished
2024-10-19 18:51:59,203 [INFO] WebApp:189 - Connection lost
2024-10-19 18:52:00,133 [INFO] WebApp:186 - Connection restablished
2024-10-19 19:05:28,882 [INFO] WebApp:189 - Connection lost
2024-10-19 19:05:30,096 [INFO] WebApp:186 - Connection restablished
2024-10-19 19:05:32,164 [INFO] WebApp:189 - Connection lost
2024-10-19 19:05:32,317 [INFO] WebApp:186 - Connection restablished
2024-10-19 19:49:34,120 [ERROR] LogOutputStream:75 - [STDERR_REDIRECT] 
